TN:
SF:src\ContextExpr.ts
FN:3,(anonymous_0)
FN:4,And
FN:5,(anonymous_2)
FN:7,Or
FN:8,(anonymous_4)
FN:11,RegexTest
FN:12,(anonymous_6)
FN:26,Context
FN:27,(anonymous_8)
FN:31,String
FN:32,(anonymous_10)
FNF:11
FNH:4
FNDA:1,(anonymous_0)
FNDA:1,And
FNDA:0,(anonymous_2)
FNDA:0,Or
FNDA:0,(anonymous_4)
FNDA:0,RegexTest
FNDA:0,(anonymous_6)
FNDA:2,Context
FNDA:0,(anonymous_8)
FNDA:2,String
FNDA:0,(anonymous_10)
DA:3,1
DA:4,1
DA:5,1
DA:7,1
DA:8,0
DA:11,1
DA:12,0
DA:13,0
DA:14,0
DA:15,0
DA:16,0
DA:17,0
DA:18,0
DA:20,0
DA:22,0
DA:26,1
DA:27,2
DA:28,0
DA:31,1
DA:32,2
DA:33,0
LF:21
LH:9
BRDA:5,0,0,0
BRDA:5,0,1,0
BRDA:8,1,0,0
BRDA:8,1,1,0
BRDA:15,2,0,0
BRDA:15,3,0,0
BRDA:15,3,1,0
BRDA:17,4,0,0
BRDA:3,5,0,1
BRDA:3,5,1,1
BRF:10
BRH:2
end_of_record
TN:
SF:src\ContributesUtil.ts
FN:7,loadContributesMenu
FN:28,loadIconTheme
FN:56,toStyleSheet
FN:75,resolvePath
FN:79,collectSelectors
FN:80,addSelector
FN:231,(anonymous_13)
FN:232,(anonymous_14)
FN:292,asCSSUrl
FN:299,handleParentFolder
FN:309,escapeCSS
FN:314,cssEscape
FN:387,resolveIconClasses
FN:390,isThemeColor
FN:393,isThemeIcon
FN:396,isUri
FN:415,cssEscape
FN:481,detectLanguageId
FN:508,parseWhenClause
FN:510,(anonymous_26)
FN:518,(anonymous_27)
FN:519,resolve
FN:558,(anonymous_29)
FN:559,(anonymous_30)
FN:565,(anonymous_31)
FN:565,(anonymous_32)
FN:570,(anonymous_33)
FN:570,(anonymous_34)
FN:575,(anonymous_35)
FN:575,(anonymous_36)
FN:580,(anonymous_37)
FN:580,(anonymous_38)
FN:597,(anonymous_39)
FN:599,isOperator
FN:608,toOperator
FN:617,isComparator
FN:633,isInClause
FN:642,toComparator
FN:646,(anonymous_45)
FN:649,(anonymous_46)
FN:653,(anonymous_47)
FN:655,(anonymous_48)
FN:657,(anonymous_49)
FN:659,(anonymous_50)
FN:661,(anonymous_51)
FN:670,(anonymous_52)
FNF:46
FNH:12
FNDA:0,loadContributesMenu
FNDA:0,loadIconTheme
FNDA:0,toStyleSheet
FNDA:0,resolvePath
FNDA:0,collectSelectors
FNDA:0,addSelector
FNDA:0,(anonymous_13)
FNDA:0,(anonymous_14)
FNDA:0,asCSSUrl
FNDA:0,handleParentFolder
FNDA:0,escapeCSS
FNDA:0,cssEscape
FNDA:0,resolveIconClasses
FNDA:0,isThemeColor
FNDA:0,isThemeIcon
FNDA:0,isUri
FNDA:0,cssEscape
FNDA:0,detectLanguageId
FNDA:1,parseWhenClause
FNDA:0,(anonymous_26)
FNDA:6,(anonymous_27)
FNDA:3,resolve
FNDA:1,(anonymous_29)
FNDA:0,(anonymous_30)
FNDA:1,(anonymous_31)
FNDA:1,(anonymous_32)
FNDA:0,(anonymous_33)
FNDA:0,(anonymous_34)
FNDA:2,(anonymous_35)
FNDA:2,(anonymous_36)
FNDA:0,(anonymous_37)
FNDA:0,(anonymous_38)
FNDA:0,(anonymous_39)
FNDA:0,isOperator
FNDA:1,toOperator
FNDA:6,isComparator
FNDA:4,isInClause
FNDA:2,toComparator
FNDA:0,(anonymous_45)
FNDA:0,(anonymous_46)
FNDA:0,(anonymous_47)
FNDA:0,(anonymous_48)
FNDA:0,(anonymous_49)
FNDA:0,(anonymous_50)
FNDA:0,(anonymous_51)
FNDA:0,(anonymous_52)
DA:1,1
DA:3,1
DA:5,1
DA:7,1
DA:8,0
DA:9,0
DA:10,0
DA:11,0
DA:13,0
DA:14,0
DA:15,0
DA:16,0
DA:23,0
DA:28,1
DA:30,0
DA:31,0
DA:32,0
DA:33,0
DA:34,0
DA:41,0
DA:42,0
DA:44,0
DA:45,0
DA:46,0
DA:47,0
DA:48,0
DA:50,0
DA:56,1
DA:59,0
DA:66,0
DA:68,0
DA:69,0
DA:71,0
DA:72,0
DA:74,0
DA:76,0
DA:81,0
DA:82,0
DA:83,0
DA:84,0
DA:86,0
DA:90,0
DA:91,0
DA:92,0
DA:93,0
DA:96,0
DA:98,0
DA:99,0
DA:100,0
DA:103,0
DA:104,0
DA:105,0
DA:108,0
DA:109,0
DA:111,0
DA:112,0
DA:113,0
DA:116,0
DA:117,0
DA:118,0
DA:121,0
DA:122,0
DA:123,0
DA:126,0
DA:127,0
DA:128,0
DA:129,0
DA:130,0
DA:131,0
DA:132,0
DA:133,0
DA:136,0
DA:137,0
DA:138,0
DA:139,0
DA:140,0
DA:141,0
DA:142,0
DA:143,0
DA:147,0
DA:148,0
DA:149,0
DA:150,0
DA:151,0
DA:152,0
DA:155,0
DA:156,0
DA:157,0
DA:158,0
DA:159,0
DA:160,0
DA:164,0
DA:165,0
DA:166,0
DA:167,0
DA:169,0
DA:170,0
DA:171,0
DA:172,0
DA:173,0
DA:176,0
DA:177,0
DA:178,0
DA:179,0
DA:180,0
DA:181,0
DA:182,0
DA:183,0
DA:184,0
DA:186,0
DA:188,0
DA:189,0
DA:190,0
DA:193,0
DA:194,0
DA:195,0
DA:196,0
DA:197,0
DA:198,0
DA:199,0
DA:200,0
DA:201,0
DA:202,0
DA:203,0
DA:205,0
DA:207,0
DA:208,0
DA:209,0
DA:214,0
DA:215,0
DA:216,0
DA:217,0
DA:219,0
DA:220,0
DA:223,0
DA:225,0
DA:227,0
DA:228,0
DA:229,0
DA:230,0
DA:231,0
DA:232,0
DA:233,0
DA:234,0
DA:235,0
DA:238,0
DA:243,0
DA:244,0
DA:245,0
DA:246,0
DA:247,0
DA:248,0
DA:249,0
DA:250,0
DA:251,0
DA:252,0
DA:254,0
DA:255,0
DA:257,0
DA:258,0
DA:259,0
DA:261,0
DA:262,0
DA:264,0
DA:265,0
DA:267,0
DA:272,0
DA:273,0
DA:274,0
DA:288,0
DA:289,0
DA:292,1
DA:293,0
DA:294,0
DA:296,0
DA:300,0
DA:301,0
DA:302,0
DA:303,0
DA:304,0
DA:306,0
DA:310,0
DA:311,0
DA:315,0
DA:316,0
DA:318,0
DA:319,0
DA:320,0
DA:322,0
DA:323,0
DA:325,0
DA:331,0
DA:334,0
DA:335,0
DA:341,0
DA:342,0
DA:343,0
DA:346,0
DA:359,0
DA:360,0
DA:367,0
DA:376,0
DA:377,0
DA:382,0
DA:384,0
DA:387,1
DA:389,0
DA:391,0
DA:394,0
DA:397,0
DA:398,0
DA:400,0
DA:401,0
DA:403,0
DA:416,0
DA:418,0
DA:419,0
DA:420,0
DA:421,0
DA:424,0
DA:425,0
DA:428,0
DA:429,0
DA:430,0
DA:431,0
DA:433,0
DA:437,0
DA:439,0
DA:440,0
DA:442,0
DA:443,0
DA:444,0
DA:445,0
DA:446,0
DA:449,0
DA:459,0
DA:460,0
DA:466,0
DA:467,0
DA:468,0
DA:472,0
DA:473,0
DA:474,0
DA:475,0
DA:478,0
DA:482,0
DA:483,0
DA:484,0
DA:486,0
DA:490,0
DA:491,0
DA:492,0
DA:496,0
DA:500,1
DA:508,1
DA:509,1
DA:510,0
DA:513,1
DA:514,1
DA:515,1
DA:516,1
DA:517,1
DA:518,1
DA:520,3
DA:521,3
DA:522,0
DA:523,0
DA:525,3
DA:526,3
DA:527,0
DA:529,3
DA:530,3
DA:533,6
DA:534,11
DA:535,11
DA:536,1
DA:537,1
DA:539,10
DA:540,10
DA:541,10
DA:542,10
DA:543,0
DA:544,0
DA:545,10
DA:546,1
DA:547,1
DA:548,1
DA:549,1
DA:550,1
DA:551,1
DA:552,1
DA:553,9
DA:554,1
DA:555,8
DA:556,1
DA:559,1
DA:562,1
DA:563,7
DA:564,1
DA:565,1
DA:566,1
DA:568,6
DA:569,0
DA:570,0
DA:571,0
DA:573,6
DA:574,2
DA:575,2
DA:576,2
DA:578,4
DA:579,0
DA:580,0
DA:581,0
DA:584,4
DA:585,2
DA:587,2
DA:591,6
DA:592,4
DA:594,6
DA:596,1
DA:597,1
DA:600,0
DA:604,0
DA:606,0
DA:609,1
DA:611,0
DA:613,1
DA:615,0
DA:618,6
DA:628,2
DA:630,4
DA:634,4
DA:637,0
DA:639,4
DA:643,2
DA:646,0
DA:649,2
DA:651,0
DA:653,0
DA:655,0
DA:657,0
DA:659,0
DA:661,0
DA:662,0
DA:663,0
DA:664,0
DA:665,0
DA:667,0
DA:670,0
DA:671,0
DA:672,0
DA:673,0
DA:674,0
DA:676,0
DA:679,0
LF:355
LH:73
BRDA:10,0,0,0
BRDA:32,1,0,0
BRDA:32,1,1,0
BRDA:33,2,0,0
BRDA:41,3,0,0
BRDA:68,4,0,0
BRDA:81,5,0,0
BRDA:83,6,0,0
BRDA:90,7,0,0
BRDA:92,8,0,0
BRDA:98,9,0,0
BRDA:103,10,0,0
BRDA:108,11,0,0
BRDA:108,11,1,0
BRDA:109,12,0,0
BRDA:109,12,1,0
BRDA:111,13,0,0
BRDA:116,14,0,0
BRDA:121,15,0,0
BRDA:127,16,0,0
BRDA:137,17,0,0
BRDA:148,18,0,0
BRDA:156,19,0,0
BRDA:165,20,0,0
BRDA:166,21,0,0
BRDA:166,22,0,0
BRDA:166,22,1,0
BRDA:177,23,0,0
BRDA:182,24,0,0
BRDA:194,25,0,0
BRDA:201,26,0,0
BRDA:219,27,0,0
BRDA:219,28,0,0
BRDA:219,28,1,0
BRDA:223,29,0,0
BRDA:223,29,1,0
BRDA:223,29,2,0
BRDA:229,30,0,0
BRDA:230,31,0,0
BRDA:230,31,1,0
BRDA:234,32,0,0
BRDA:234,33,0,0
BRDA:234,33,1,0
BRDA:246,34,0,0
BRDA:247,35,0,0
BRDA:247,35,1,0
BRDA:249,36,0,0
BRDA:249,37,0,0
BRDA:249,37,1,0
BRDA:251,38,0,0
BRDA:254,39,0,0
BRDA:257,40,0,0
BRDA:257,40,1,0
BRDA:257,41,0,0
BRDA:257,41,1,0
BRDA:258,42,0,0
BRDA:261,43,0,0
BRDA:264,44,0,0
BRDA:272,45,0,0
BRDA:274,46,0,0
BRDA:293,47,0,0
BRDA:301,48,0,0
BRDA:315,49,0,0
BRDA:325,50,0,0
BRDA:328,51,0,0
BRDA:328,51,1,0
BRDA:341,52,0,0
BRDA:346,53,0,0
BRDA:349,54,0,0
BRDA:349,54,1,0
BRDA:349,54,2,0
BRDA:349,54,3,0
BRDA:349,54,4,0
BRDA:349,54,5,0
BRDA:349,54,6,0
BRDA:349,54,7,0
BRDA:349,54,8,0
BRDA:349,54,9,0
BRDA:367,55,0,0
BRDA:368,56,0,0
BRDA:368,56,1,0
BRDA:368,56,2,0
BRDA:368,56,3,0
BRDA:368,56,4,0
BRDA:368,56,5,0
BRDA:368,56,6,0
BRDA:368,56,7,0
BRDA:368,56,8,0
BRDA:391,57,0,0
BRDA:391,57,1,0
BRDA:391,57,2,0
BRDA:394,58,0,0
BRDA:394,58,1,0
BRDA:394,58,2,0
BRDA:394,58,3,0
BRDA:394,58,4,0
BRDA:397,59,0,0
BRDA:400,60,0,0
BRDA:404,61,0,0
BRDA:404,61,1,0
BRDA:404,61,2,0
BRDA:404,61,3,0
BRDA:404,61,4,0
BRDA:404,61,5,0
BRDA:404,61,6,0
BRDA:404,61,7,0
BRDA:420,62,0,0
BRDA:420,63,0,0
BRDA:420,63,1,0
BRDA:420,63,2,0
BRDA:424,64,0,0
BRDA:429,65,0,0
BRDA:431,66,0,0
BRDA:431,66,1,0
BRDA:433,67,0,0
BRDA:433,67,1,0
BRDA:437,68,0,0
BRDA:437,68,1,0
BRDA:439,69,0,0
BRDA:439,69,1,0
BRDA:443,70,0,0
BRDA:443,70,1,0
BRDA:445,71,0,0
BRDA:459,72,0,0
BRDA:459,72,1,0
BRDA:466,73,0,0
BRDA:472,74,0,0
BRDA:491,75,0,0
BRDA:509,76,0,0
BRDA:521,77,0,3
BRDA:521,77,1,1
BRDA:526,78,0,0
BRDA:535,79,0,1
BRDA:542,80,0,0
BRDA:542,80,1,10
BRDA:545,81,0,1
BRDA:545,81,1,9
BRDA:553,82,0,1
BRDA:553,82,1,8
BRDA:555,83,0,1
BRDA:555,83,1,7
BRDA:563,84,0,1
BRDA:563,84,1,6
BRDA:568,85,0,0
BRDA:568,85,1,6
BRDA:573,86,0,2
BRDA:573,86,1,4
BRDA:578,87,0,0
BRDA:578,87,1,4
BRDA:584,88,0,2
BRDA:584,88,1,2
BRDA:600,89,0,0
BRDA:600,89,1,0
BRDA:600,89,2,0
BRDA:609,90,0,0
BRDA:609,90,1,1
BRDA:618,91,0,0
BRDA:618,91,1,0
BRDA:618,91,2,0
BRDA:618,91,3,2
BRDA:618,91,4,2
BRDA:618,91,5,2
BRDA:618,91,6,2
BRDA:618,91,7,2
BRDA:618,91,8,2
BRDA:634,92,0,0
BRDA:634,92,1,0
BRDA:643,93,0,0
BRDA:643,93,1,0
BRDA:643,93,2,0
BRDA:643,93,3,2
BRDA:643,93,4,0
BRDA:643,93,5,0
BRDA:643,93,6,0
BRDA:643,93,7,0
BRDA:643,93,8,0
BRDA:643,93,9,0
BRDA:643,93,10,0
BRDA:664,94,0,0
BRDA:673,95,0,0
BRF:180
BRH:26
end_of_record
